<?xml version="1.0" encoding="UTF-8"?>
<testng-results ignored="0" total="1" passed="1" failed="0" skipped="0">
  <reporter-output>
  </reporter-output>
  <suite started-at="2022-12-07T15:13:50 IST" name="Default suite" finished-at="2022-12-07T15:13:59 IST" duration-ms="8302">
    <groups>
    </groups>
    <test started-at="2022-12-07T15:13:50 IST" name="Default test" finished-at="2022-12-07T15:13:59 IST" duration-ms="8302">
      <class name="practiceprograms.p1">
        <test-method signature="p1()[pri:0, instance:practiceprograms.p1@1a4013]" started-at="2022-12-07T15:13:51 IST" name="p1" finished-at="2022-12-07T15:13:59 IST" duration-ms="8218" status="PASS">
          <reporter-output>
          </reporter-output>
        </test-method> <!-- p1 -->
      </class> <!-- practiceprograms.p1 -->
    </test> <!-- Default test -->
  </suite> <!-- Default suite -->
</testng-results>
